<?xml version="1.0" encoding="UTF-8"?>
<!-- Generated by org.testng.reporters.JUnitXMLReporter -->
<testsuite hostname="Anwesha" ignored="0" name="SmokeTest" tests="3" failures="0" timestamp="12 May 2023 23:59:05 GMT" time="73.694" errors="0">
  <testcase name="runScenario" time="39.571" classname="io.cucumber.testng.AbstractTestNGCucumberTests"/>
  <testcase name="runScenario" time="22.148" classname="io.cucumber.testng.AbstractTestNGCucumberTests"/>
  <testcase name="runScenario" time="10.907" classname="io.cucumber.testng.AbstractTestNGCucumberTests"/>
</testsuite> <!-- SmokeTest -->
